<?xml version="1.0" encoding="UTF-8"?>
<!-- Generated by org.testng.reporters.JUnitReportReporter -->
<testsuite ignored="0" hostname="MXMBYOD9066.local" failures="0" tests="1" name="pruebaSelenium.NewTest" time="4.869" errors="0" timestamp="15 ene. 2025 20:37:52 GMT" skipped="0">
  <testcase classname="pruebaSelenium.NewTest" name="f" time="4.869"/>
</testsuite> <!-- pruebaSelenium.NewTest -->
